\BOOKMARK [0][-]{chapter.1}{\376\377\000I\000n\000t\000r\000o\000d\000u\000c\000t\000i\000o\000n}{}% 1
\BOOKMARK [1][-]{section.1.1}{\376\377\000W\000h\000y\000\040\000a\000n\000\040\000o\000p\000e\000n\000\040\000s\000o\000u\000r\000c\000e\000\040\000b\000o\000o\000k\000?}{chapter.1}% 2
\BOOKMARK [0][-]{chapter.2}{\376\377\000M\000e\000m\000o\000r\000y\000\040\000v\000u\000l\000n\000e\000r\000a\000b\000i\000l\000i\000t\000y\000\040\000b\000a\000s\000e\000d\000\040\000a\000t\000t\000a\000c\000k\000s}{}% 3
\BOOKMARK [1][-]{section.2.1}{\376\377\000A\000\040\000b\000i\000t\000\040\000o\000f\000\040\000b\000a\000c\000k\000g\000r\000o\000u\000n\000d\000\040\000o\000n\000\040\000m\000e\000m\000o\000r\000y\000\040\000v\000u\000l\000n\000e\000r\000a\000b\000i\000l\000i\000t\000i\000e\000s}{chapter.2}% 4
\BOOKMARK [1][-]{section.2.2}{\376\377\000E\000x\000p\000l\000o\000i\000t\000a\000t\000i\000o\000n\000\040\000p\000r\000i\000m\000i\000t\000i\000v\000e\000s}{chapter.2}% 5
\BOOKMARK [1][-]{section.2.3}{\376\377\000S\000t\000a\000c\000k\000\040\000b\000u\000f\000f\000e\000r\000\040\000o\000v\000e\000r\000f\000l\000o\000w\000s}{chapter.2}% 6
\BOOKMARK [1][-]{section.2.4}{\376\377\000C\000o\000d\000e\000\040\000r\000e\000u\000s\000e\000\040\000a\000t\000t\000a\000c\000k\000s}{chapter.2}% 7
\BOOKMARK [2][-]{subsection.2.4.1}{\376\377\000R\000e\000t\000u\000r\000n\000-\000o\000r\000i\000e\000n\000t\000e\000d\000\040\000p\000r\000o\000g\000r\000a\000m\000m\000i\000n\000g}{section.2.4}% 8
\BOOKMARK [2][-]{subsection.2.4.2}{\376\377\000J\000u\000m\000p\000-\000o\000r\000i\000e\000n\000t\000e\000d\000\040\000p\000r\000o\000g\000r\000a\000m\000m\000i\000n\000g}{section.2.4}% 9
\BOOKMARK [2][-]{subsection.2.4.3}{\376\377\000C\000o\000u\000n\000t\000e\000r\000f\000e\000i\000t\000\040\000O\000b\000j\000e\000c\000t\000-\000o\000r\000i\000e\000n\000t\000e\000d\000\040\000p\000r\000o\000g\000r\000a\000m\000m\000i\000n\000g}{section.2.4}% 10
\BOOKMARK [2][-]{subsection.2.4.4}{\376\377\000S\000i\000g\000r\000e\000t\000u\000r\000n\000-\000o\000r\000i\000e\000n\000t\000e\000d\000\040\000p\000r\000o\000g\000r\000a\000m\000m\000i\000n\000g}{section.2.4}% 11
\BOOKMARK [1][-]{section.2.5}{\376\377\000M\000i\000t\000i\000g\000a\000t\000i\000o\000n\000s\000\040\000a\000g\000a\000i\000n\000s\000t\000\040\000c\000o\000d\000e\000\040\000r\000e\000u\000s\000e\000\040\000a\000t\000t\000a\000c\000k\000s}{chapter.2}% 12
\BOOKMARK [2][-]{subsection.2.5.1}{\376\377\000A\000S\000L\000R}{section.2.5}% 13
\BOOKMARK [2][-]{subsection.2.5.2}{\376\377\000C\000F\000I}{section.2.5}% 14
\BOOKMARK [1][-]{section.2.6}{\376\377\000N\000o\000n\000-\000c\000o\000n\000t\000r\000o\000l\000\040\000d\000a\000t\000a\000\040\000a\000t\000t\000a\000c\000k\000s}{chapter.2}% 15
\BOOKMARK [1][-]{section.2.7}{\376\377\000P\000r\000e\000v\000e\000n\000t\000i\000n\000g\000\040\000a\000n\000d\000\040\000d\000e\000t\000e\000c\000t\000i\000n\000g\000\040\000m\000e\000m\000o\000r\000y\000\040\000e\000r\000r\000o\000r\000s}{chapter.2}% 16
\BOOKMARK [2][-]{subsection.2.7.1}{\376\377\000S\000a\000n\000i\000t\000i\000z\000e\000r\000s}{section.2.7}% 17
\BOOKMARK [1][-]{section.2.8}{\376\377\000J\000I\000T\000\040\000c\000o\000m\000p\000i\000l\000e\000r\000\040\000v\000u\000l\000n\000e\000r\000a\000b\000i\000l\000i\000t\000i\000e\000s}{chapter.2}% 18
\BOOKMARK [0][-]{chapter.3}{\376\377\000C\000o\000v\000e\000r\000t\000\040\000c\000h\000a\000n\000n\000e\000l\000s\000\040\000a\000n\000d\000\040\000s\000i\000d\000e\000-\000c\000h\000a\000n\000n\000e\000l\000s}{}% 19
\BOOKMARK [1][-]{section.3.1}{\376\377\000T\000i\000m\000i\000n\000g\000\040\000s\000i\000d\000e\000-\000c\000h\000a\000n\000n\000e\000l\000s}{chapter.3}% 20
\BOOKMARK [1][-]{section.3.2}{\376\377\000C\000a\000c\000h\000e\000\040\000s\000i\000d\000e\000-\000c\000h\000a\000n\000n\000e\000l\000s}{chapter.3}% 21
\BOOKMARK [2][-]{subsection.3.2.1}{\376\377\000T\000y\000p\000i\000c\000a\000l\000\040\000C\000P\000U\000\040\000c\000a\000c\000h\000e\000\040\000a\000r\000c\000h\000i\000t\000e\000c\000t\000u\000r\000e}{section.3.2}% 22
\BOOKMARK [2][-]{subsection.3.2.2}{\376\377\000O\000p\000e\000r\000a\000t\000i\000o\000n\000\040\000o\000f\000\040\000c\000a\000c\000h\000e\000\040\000s\000i\000d\000e\000-\000c\000h\000a\000n\000n\000e\000l\000s}{section.3.2}% 23
\BOOKMARK [2][-]{subsection.3.2.3}{\376\377\000M\000i\000t\000i\000g\000a\000t\000i\000n\000g\000\040\000c\000a\000c\000h\000e\000\040\000s\000i\000d\000e\000-\000c\000h\000a\000n\000n\000e\000l\000\040\000a\000t\000t\000a\000c\000k\000s}{section.3.2}% 24
\BOOKMARK [1][-]{section.3.3}{\376\377\000B\000r\000a\000n\000c\000h\000-\000p\000r\000e\000d\000i\000c\000t\000o\000r\000\040\000b\000a\000s\000e\000d\000\040\000s\000i\000d\000e\000\040\000c\000h\000a\000n\000n\000e\000l\000s}{chapter.3}% 25
\BOOKMARK [2][-]{subsection.3.3.1}{\376\377\000B\000r\000a\000n\000c\000h\000\040\000p\000r\000e\000d\000i\000c\000t\000o\000r\000s}{section.3.3}% 26
\BOOKMARK [2][-]{subsection.3.3.2}{\376\377\000S\000i\000d\000e\000-\000c\000h\000a\000n\000n\000e\000l\000s\000\040\000t\000h\000r\000o\000u\000g\000h\000\040\000b\000r\000a\000n\000c\000h\000\040\000p\000r\000e\000d\000i\000c\000t\000o\000r\000s}{section.3.3}% 27
\BOOKMARK [2][-]{subsection.3.3.3}{\376\377\000M\000i\000t\000i\000g\000a\000t\000i\000o\000n\000s}{section.3.3}% 28
\BOOKMARK [1][-]{section.3.4}{\376\377\000R\000e\000s\000o\000u\000r\000c\000e\000\040\000c\000o\000n\000t\000e\000n\000t\000i\000o\000n\000\040\000c\000h\000a\000n\000n\000e\000l\000s}{chapter.3}% 29
\BOOKMARK [1][-]{section.3.5}{\376\377\000C\000h\000a\000n\000n\000e\000l\000s\000\040\000m\000a\000k\000i\000n\000g\000\040\000u\000s\000e\000\040\000o\000f\000\040\000a\000l\000i\000a\000s\000i\000n\000g\000\040\000i\000n\000\040\000o\000t\000h\000e\000r\000\040\000p\000r\000e\000d\000i\000c\000t\000o\000r\000s}{chapter.3}% 30
\BOOKMARK [1][-]{section.3.6}{\376\377\000T\000r\000a\000n\000s\000i\000e\000n\000t\000\040\000e\000x\000e\000c\000u\000t\000i\000o\000n\000\040\000a\000t\000t\000a\000c\000k\000s}{chapter.3}% 31
\BOOKMARK [2][-]{subsection.3.6.1}{\376\377\000T\000r\000a\000n\000s\000i\000e\000n\000t\000\040\000e\000x\000e\000c\000u\000t\000i\000o\000n}{section.3.6}% 32
\BOOKMARK [1][-]{section.3.7}{\376\377\000P\000h\000y\000s\000i\000c\000a\000l\000\040\000a\000c\000c\000e\000s\000s\000\040\000s\000i\000d\000e\000-\000c\000h\000a\000n\000n\000e\000l\000\040\000a\000t\000t\000a\000c\000k\000s}{chapter.3}% 33
\BOOKMARK [0][-]{chapter.4}{\376\377\000S\000u\000p\000p\000l\000y\000\040\000c\000h\000a\000i\000n\000\040\000a\000t\000t\000a\000c\000k\000s}{}% 34
\BOOKMARK [1][-]{section.4.1}{\376\377\000H\000i\000s\000t\000o\000r\000y\000\040\000o\000f\000\040\000s\000u\000p\000p\000l\000y\000\040\000c\000h\000a\000i\000n\000\040\000a\000t\000t\000a\000c\000k\000s}{chapter.4}% 35
\BOOKMARK [0][-]{chapter.5}{\376\377\000C\000o\000m\000p\000i\000l\000e\000r\000\040\000i\000n\000t\000r\000o\000d\000u\000c\000e\000d\000\040\000s\000e\000c\000u\000r\000i\000t\000y\000\040\000v\000u\000l\000n\000e\000r\000a\000b\000i\000l\000i\000t\000i\000e\000s}{}% 36
\BOOKMARK [0][-]{chapter.6}{\376\377\000P\000h\000y\000s\000i\000c\000a\000l\000\040\000a\000t\000t\000a\000c\000k\000s}{}% 37
\BOOKMARK [1][-]{section.6.1}{\376\377\000O\000v\000e\000r\000v\000i\000e\000w}{chapter.6}% 38
\BOOKMARK [1][-]{section.6.2}{\376\377\000P\000h\000y\000s\000i\000c\000a\000l\000\040\000a\000c\000c\000e\000s\000s\000\040\000s\000i\000d\000e\000-\000c\000h\000a\000n\000n\000e\000l\000\040\000a\000t\000t\000a\000c\000k\000s}{chapter.6}% 39
\BOOKMARK [2][-]{subsection.6.2.1}{\376\377\000H\000o\000w\000\040\000i\000s\000\040\000i\000n\000f\000o\000r\000m\000a\000t\000i\000o\000n\000\040\000l\000e\000a\000k\000e\000d\000?}{section.6.2}% 40
\BOOKMARK [2][-]{subsection.6.2.2}{\376\377\000S\000i\000d\000e\000\040\000c\000h\000a\000n\000n\000e\000l\000\040\000l\000e\000a\000k\000a\000g\000e\000\040\000a\000t\000\040\000i\000n\000s\000t\000r\000u\000c\000t\000i\000o\000n\000\040\000l\000e\000v\000e\000l}{section.6.2}% 41
\BOOKMARK [2][-]{subsection.6.2.3}{\376\377\000C\000o\000u\000n\000t\000e\000r\000m\000e\000a\000s\000u\000r\000e\000s}{section.6.2}% 42
\BOOKMARK [1][-]{section.6.3}{\376\377\000F\000a\000u\000l\000t\000\040\000i\000n\000j\000e\000c\000t\000i\000o\000n\000\040\000a\000t\000t\000a\000c\000k\000s}{chapter.6}% 43
\BOOKMARK [2][-]{subsection.6.3.1}{\376\377\000C\000o\000m\000m\000o\000n\000\040\000f\000o\000r\000m\000s\000\040\000o\000f\000\040\000F\000a\000u\000l\000t\000\040\000i\000n\000j\000e\000c\000t\000i\000o\000n\000\040\000a\000t\000t\000a\000c\000k\000s}{section.6.3}% 44
\BOOKMARK [2][-]{subsection.6.3.2}{\376\377\000C\000o\000u\000n\000t\000e\000r\000m\000e\000a\000s\000u\000r\000e\000s}{section.6.3}% 45
\BOOKMARK [0][-]{chapter.7}{\376\377\000O\000t\000h\000e\000r\000\040\000s\000e\000c\000u\000r\000i\000t\000y\000\040\000t\000o\000p\000i\000c\000s\000\040\000r\000e\000l\000e\000v\000a\000n\000t\000\040\000f\000o\000r\000\040\000c\000o\000m\000p\000i\000l\000e\000r\000\040\000d\000e\000v\000e\000l\000o\000p\000e\000r\000s}{}% 46
\BOOKMARK [0][-]{chapter*.40}{\376\377\000A\000p\000p\000e\000n\000d\000i\000x\000:\000\040\000c\000o\000n\000t\000r\000i\000b\000u\000t\000i\000o\000n\000\040\000g\000u\000i\000d\000e\000l\000i\000n\000e\000s}{}% 47
\BOOKMARK [0][-]{chapter*.42}{\376\377\000R\000e\000f\000e\000r\000e\000n\000c\000e\000s}{}% 48
